[debug] [2024-07-08T10:56:10.765Z] ----------------------------------------------------------------------
[debug] [2024-07-08T10:56:10.771Z] Command:       C:\Program Files\nodejs\node.exe C:\Users\infol\AppData\Roaming\npm\node_modules\firebase-tools\lib\bin\firebase.js init
[debug] [2024-07-08T10:56:10.773Z] CLI Version:   13.13.0
[debug] [2024-07-08T10:56:10.773Z] Platform:      win32
[debug] [2024-07-08T10:56:10.774Z] Node Version:  v20.15.0
[debug] [2024-07-08T10:56:10.774Z] Time:          Mon Jul 08 2024 16:26:10 GMT+0530 (India Standard Time)
[debug] [2024-07-08T10:56:10.775Z] ----------------------------------------------------------------------
[debug] 
[debug] [2024-07-08T10:56:10.791Z] > command requires scopes: ["email","openid","https://www.googleapis.com/auth/cloudplatformprojects.readonly","https://www.googleapis.com/auth/firebase","https://www.googleapis.com/auth/cloud-platform"]
[debug] [2024-07-08T10:56:10.792Z] > authorizing via signed-in user (paandusfd@gmail.com)
[info] 
     ######## #### ########  ######## ########     ###     ######  ########
     ##        ##  ##     ## ##       ##     ##  ##   ##  ##       ##
     ######    ##  ########  ######   ########  #########  ######  ######
     ##        ##  ##    ##  ##       ##     ## ##     ##       ## ##
     ##       #### ##     ## ######## ########  ##     ##  ######  ########

You're about to initialize a Firebase project in this directory:

  C:\Users\infol\Desktop\coding\updatedBics

[debug] [2024-07-08T10:57:49.645Z] ----------------------------------------------------------------------
[debug] [2024-07-08T10:57:49.654Z] Command:       C:\Program Files\nodejs\node.exe C:\Users\infol\AppData\Roaming\npm\node_modules\firebase-tools\lib\bin\firebase.js init
[debug] [2024-07-08T10:57:49.656Z] CLI Version:   13.13.0
[debug] [2024-07-08T10:57:49.656Z] Platform:      win32
[debug] [2024-07-08T10:57:49.657Z] Node Version:  v20.15.0
[debug] [2024-07-08T10:57:49.657Z] Time:          Mon Jul 08 2024 16:27:49 GMT+0530 (India Standard Time)
[debug] [2024-07-08T10:57:49.658Z] ----------------------------------------------------------------------
[debug] 
[debug] [2024-07-08T10:57:49.676Z] > command requires scopes: ["email","openid","https://www.googleapis.com/auth/cloudplatformprojects.readonly","https://www.googleapis.com/auth/firebase","https://www.googleapis.com/auth/cloud-platform"]
[debug] [2024-07-08T10:57:49.678Z] > authorizing via signed-in user (paandureactdev@gmail.com)
[info] 
     ######## #### ########  ######## ########     ###     ######  ########
     ##        ##  ##     ## ##       ##     ##  ##   ##  ##       ##
     ######    ##  ########  ######   ########  #########  ######  ######
     ##        ##  ##    ##  ##       ##     ## ##     ##       ## ##
     ##       #### ##     ## ######## ########  ##     ##  ######  ########

You're about to initialize a Firebase project in this directory:

  C:\Users\infol\Desktop\coding\updatedBics

[info] 
=== Project Setup
[info] 
[info] First, let's associate this project directory with a Firebase project.
[info] You can create multiple project aliases by running firebase use --add, 
[info] but for now we'll just set up a default project.
[info] 
[debug] [2024-07-08T10:58:01.169Z] >>> [apiv2][query] GET https://firebase.googleapis.com/v1beta1/projects pageSize=100
[debug] [2024-07-08T10:58:02.191Z] <<< [apiv2][status] GET https://firebase.googleapis.com/v1beta1/projects 200
[debug] [2024-07-08T10:58:02.191Z] <<< [apiv2][body] GET https://firebase.googleapis.com/v1beta1/projects [omitted]
[info] i  Using project teksystams (teksystams) 
[info] 
=== Hosting Setup
[debug] [2024-07-08T10:58:04.159Z] >>> [apiv2][query] GET https://firebase.googleapis.com/v1beta1/projects/teksystams [none]
[debug] [2024-07-08T10:58:04.596Z] <<< [apiv2][status] GET https://firebase.googleapis.com/v1beta1/projects/teksystams 200
[debug] [2024-07-08T10:58:04.596Z] <<< [apiv2][body] GET https://firebase.googleapis.com/v1beta1/projects/teksystams {"projectId":"teksystams","projectNumber":"292219719684","displayName":"teksystams","name":"projects/teksystams","resources":{"hostingSite":"teksystams"},"state":"ACTIVE","etag":"1_b975a147-e545-4539-bb8c-06e372f35b47"}
[info] 
[info] Your public directory is the folder (relative to your project directory) that
[info] will contain Hosting assets to be uploaded with firebase deploy. If you
[info] have a build process for your assets, use your build's output directory.
[info] 
[debug] [2024-07-08T10:58:28.439Z] >>> [apiv2][query] GET https://www.gstatic.com/firebasejs/releases.json [none]
[debug] [2024-07-08T10:58:28.807Z] <<< [apiv2][status] GET https://www.gstatic.com/firebasejs/releases.json 200
[debug] [2024-07-08T10:58:28.808Z] <<< [apiv2][body] GET https://www.gstatic.com/firebasejs/releases.json {"current":{"version":"10.12.3","browserURL":"https://www.gstatic.com/firebasejs/10.12.3/firebase.js","packageURL":"https://www.gstatic.com/firebasejs/10.12.3/firebase.tgz"},"live":{"version":"10.12","browserURL":"https://www.gstatic.com/firebasejs/live/10.12/firebase.js","packageURL":"https://www.gstatic.com/firebasejs/live/10.12/firebase.tgz"},"components":{"analytics":"https://www.gstatic.com/firebasejs/10.12.3/firebase-analytics.js","app":"https://www.gstatic.com/firebasejs/10.12.3/firebase-app.js","app-check":"https://www.gstatic.com/firebasejs/10.12.3/firebase-app-check.js","auth":"https://www.gstatic.com/firebasejs/10.12.3/firebase-auth.js","auth/cordova":"https://www.gstatic.com/firebasejs/10.12.3/firebase-auth/cordova.js","auth/web-extension":"https://www.gstatic.com/firebasejs/10.12.3/firebase-auth/web-extension.js","functions":"https://www.gstatic.com/firebasejs/10.12.3/firebase-functions.js","firestore":"https://www.gstatic.com/firebasejs/10.12.3/firebase-firestore.js","firestore/lite":"https://www.gstatic.com/firebasejs/10.12.3/firebase-firestore/lite.js","installations":"https://www.gstatic.com/firebasejs/10.12.3/firebase-installations.js","storage":"https://www.gstatic.com/firebasejs/10.12.3/firebase-storage.js","performance":"https://www.gstatic.com/firebasejs/10.12.3/firebase-performance.js","remote-config":"https://www.gstatic.com/firebasejs/10.12.3/firebase-remote-config.js","messaging":"https://www.gstatic.com/firebasejs/10.12.3/firebase-messaging.js","messaging/sw":"https://www.gstatic.com/firebasejs/10.12.3/firebase-messaging/sw.js","database":"https://www.gstatic.com/firebasejs/10.12.3/firebase-database.js","vertexai-preview":"https://www.gstatic.com/firebasejs/10.12.3/firebase-vertexai-preview.js","firestore.memory":"https://www.gstatic.com/firebasejs/10.12.3/firebase-firestore.memory.js"}}
[info] +  Wrote public/index.html 
[info] 
[info] i  Detected a .git folder at C:\Users\infol\Desktop\coding\updatedBics 
[info] i  Authorizing with GitHub to upload your service account to a GitHub repository's secrets store. 
[info] 
[info] Visit this URL on this device to log in:
[info] https://github.com/login/oauth/authorize?client_id=89cf50f02ac6aaed3484&state=67150252&redirect_uri=http%3A%2F%2Flocalhost%3A9005&scope=read%3Auser%20repo%20public_repo
[info] 
[info] Waiting for authentication...
